2025-05-20T18:09:53.290Z - error: Error occurred during reporter init: Error: Error when loading extension handlebars@2.1.0
Error: Extension "handlebars" is not compatible with "core" extension. Missing ".requires" information in "handlebars" definition
    at validateMinimalVersion (C:\Users\lam08\Desktop\W_lavie\W_Lavie_BE\node_modules\@jsreport\jsreport-core\lib\main\extensions\validateMinimalVersion.js:24:11)
    at Object._useOne (C:\Users\lam08\Desktop\W_lavie\W_Lavie_BE\node_modules\@jsreport\jsreport-core\lib\main\extensions\extensionsManager.js:158:9)
    at Object._useMany (C:\Users\lam08\Desktop\W_lavie\W_Lavie_BE\node_modules\@jsreport\jsreport-core\lib\main\extensions\extensionsManager.js:99:38)
    at Object.init (C:\Users\lam08\Desktop\W_lavie\W_Lavie_BE\node_modules\@jsreport\jsreport-core\lib\main\extensions\extensionsManager.js:74:19)
    at MainReporter.init (C:\Users\lam08\Desktop\W_lavie\W_Lavie_BE\node_modules\@jsreport\jsreport-core\lib\main\reporter.js:207:36)
    at async initializeJsReport (file:///C:/Users/lam08/Desktop/W_lavie/W_Lavie_BE/src/config/jsreport.js:43:5)
    at Object._useOne (C:\Users\lam08\Desktop\W_lavie\W_Lavie_BE\node_modules\@jsreport\jsreport-core\lib\main\extensions\extensionsManager.js:248:15)
    at Object._useMany (C:\Users\lam08\Desktop\W_lavie\W_Lavie_BE\node_modules\@jsreport\jsreport-core\lib\main\extensions\extensionsManager.js:99:38)
    at Object.init (C:\Users\lam08\Desktop\W_lavie\W_Lavie_BE\node_modules\@jsreport\jsreport-core\lib\main\extensions\extensionsManager.js:74:19)
    at MainReporter.init (C:\Users\lam08\Desktop\W_lavie\W_Lavie_BE\node_modules\@jsreport\jsreport-core\lib\main\reporter.js:207:36)
    at async initializeJsReport (file:///C:/Users/lam08/Desktop/W_lavie/W_Lavie_BE/src/config/jsreport.js:43:5)
2025-05-20T18:09:54.884Z - error: Error occurred during reporter init: Error: Error when loading extension handlebars@2.1.0
Error: Extension "handlebars" is not compatible with "core" extension. Missing ".requires" information in "handlebars" definition
    at validateMinimalVersion (C:\Users\lam08\Desktop\W_lavie\W_Lavie_BE\node_modules\@jsreport\jsreport-core\lib\main\extensions\validateMinimalVersion.js:24:11)
    at Object._useOne (C:\Users\lam08\Desktop\W_lavie\W_Lavie_BE\node_modules\@jsreport\jsreport-core\lib\main\extensions\extensionsManager.js:158:9)
    at Object._useMany (C:\Users\lam08\Desktop\W_lavie\W_Lavie_BE\node_modules\@jsreport\jsreport-core\lib\main\extensions\extensionsManager.js:99:38)
    at Object.init (C:\Users\lam08\Desktop\W_lavie\W_Lavie_BE\node_modules\@jsreport\jsreport-core\lib\main\extensions\extensionsManager.js:74:19)
    at MainReporter.init (C:\Users\lam08\Desktop\W_lavie\W_Lavie_BE\node_modules\@jsreport\jsreport-core\lib\main\reporter.js:207:36)
    at async initializeJsReport (file:///C:/Users/lam08/Desktop/W_lavie/W_Lavie_BE/src/config/jsreport.js:43:5)
    at Object._useOne (C:\Users\lam08\Desktop\W_lavie\W_Lavie_BE\node_modules\@jsreport\jsreport-core\lib\main\extensions\extensionsManager.js:248:15)
    at Object._useMany (C:\Users\lam08\Desktop\W_lavie\W_Lavie_BE\node_modules\@jsreport\jsreport-core\lib\main\extensions\extensionsManager.js:99:38)
    at Object.init (C:\Users\lam08\Desktop\W_lavie\W_Lavie_BE\node_modules\@jsreport\jsreport-core\lib\main\extensions\extensionsManager.js:74:19)
    at MainReporter.init (C:\Users\lam08\Desktop\W_lavie\W_Lavie_BE\node_modules\@jsreport\jsreport-core\lib\main\reporter.js:207:36)
    at async initializeJsReport (file:///C:/Users/lam08/Desktop/W_lavie/W_Lavie_BE/src/config/jsreport.js:43:5)
2025-05-20T18:09:56.435Z - error: Error occurred during reporter init: Error: Error when loading extension handlebars@2.1.0
Error: Extension "handlebars" is not compatible with "core" extension. Missing ".requires" information in "handlebars" definition
    at validateMinimalVersion (C:\Users\lam08\Desktop\W_lavie\W_Lavie_BE\node_modules\@jsreport\jsreport-core\lib\main\extensions\validateMinimalVersion.js:24:11)
    at Object._useOne (C:\Users\lam08\Desktop\W_lavie\W_Lavie_BE\node_modules\@jsreport\jsreport-core\lib\main\extensions\extensionsManager.js:158:9)
    at Object._useMany (C:\Users\lam08\Desktop\W_lavie\W_Lavie_BE\node_modules\@jsreport\jsreport-core\lib\main\extensions\extensionsManager.js:99:38)
    at Object.init (C:\Users\lam08\Desktop\W_lavie\W_Lavie_BE\node_modules\@jsreport\jsreport-core\lib\main\extensions\extensionsManager.js:74:19)
    at MainReporter.init (C:\Users\lam08\Desktop\W_lavie\W_Lavie_BE\node_modules\@jsreport\jsreport-core\lib\main\reporter.js:207:36)
    at async initializeJsReport (file:///C:/Users/lam08/Desktop/W_lavie/W_Lavie_BE/src/config/jsreport.js:43:5)
    at Object._useOne (C:\Users\lam08\Desktop\W_lavie\W_Lavie_BE\node_modules\@jsreport\jsreport-core\lib\main\extensions\extensionsManager.js:248:15)
    at Object._useMany (C:\Users\lam08\Desktop\W_lavie\W_Lavie_BE\node_modules\@jsreport\jsreport-core\lib\main\extensions\extensionsManager.js:99:38)
    at Object.init (C:\Users\lam08\Desktop\W_lavie\W_Lavie_BE\node_modules\@jsreport\jsreport-core\lib\main\extensions\extensionsManager.js:74:19)
    at MainReporter.init (C:\Users\lam08\Desktop\W_lavie\W_Lavie_BE\node_modules\@jsreport\jsreport-core\lib\main\reporter.js:207:36)
    at async initializeJsReport (file:///C:/Users/lam08/Desktop/W_lavie/W_Lavie_BE/src/config/jsreport.js:43:5)
2025-05-20T18:09:57.965Z - error: Error occurred during reporter init: Error: Error when loading extension handlebars@2.1.0
Error: Extension "handlebars" is not compatible with "core" extension. Missing ".requires" information in "handlebars" definition
    at validateMinimalVersion (C:\Users\lam08\Desktop\W_lavie\W_Lavie_BE\node_modules\@jsreport\jsreport-core\lib\main\extensions\validateMinimalVersion.js:24:11)
    at Object._useOne (C:\Users\lam08\Desktop\W_lavie\W_Lavie_BE\node_modules\@jsreport\jsreport-core\lib\main\extensions\extensionsManager.js:158:9)
    at Object._useMany (C:\Users\lam08\Desktop\W_lavie\W_Lavie_BE\node_modules\@jsreport\jsreport-core\lib\main\extensions\extensionsManager.js:99:38)
    at Object.init (C:\Users\lam08\Desktop\W_lavie\W_Lavie_BE\node_modules\@jsreport\jsreport-core\lib\main\extensions\extensionsManager.js:74:19)
    at MainReporter.init (C:\Users\lam08\Desktop\W_lavie\W_Lavie_BE\node_modules\@jsreport\jsreport-core\lib\main\reporter.js:207:36)
    at async initializeJsReport (file:///C:/Users/lam08/Desktop/W_lavie/W_Lavie_BE/src/config/jsreport.js:43:5)
    at Object._useOne (C:\Users\lam08\Desktop\W_lavie\W_Lavie_BE\node_modules\@jsreport\jsreport-core\lib\main\extensions\extensionsManager.js:248:15)
    at Object._useMany (C:\Users\lam08\Desktop\W_lavie\W_Lavie_BE\node_modules\@jsreport\jsreport-core\lib\main\extensions\extensionsManager.js:99:38)
    at Object.init (C:\Users\lam08\Desktop\W_lavie\W_Lavie_BE\node_modules\@jsreport\jsreport-core\lib\main\extensions\extensionsManager.js:74:19)
    at MainReporter.init (C:\Users\lam08\Desktop\W_lavie\W_Lavie_BE\node_modules\@jsreport\jsreport-core\lib\main\reporter.js:207:36)
    at async initializeJsReport (file:///C:/Users/lam08/Desktop/W_lavie/W_Lavie_BE/src/config/jsreport.js:43:5)
2025-05-20T18:09:59.504Z - error: Error occurred during reporter init: Error: Error when loading extension handlebars@2.1.0
Error: Extension "handlebars" is not compatible with "core" extension. Missing ".requires" information in "handlebars" definition
    at validateMinimalVersion (C:\Users\lam08\Desktop\W_lavie\W_Lavie_BE\node_modules\@jsreport\jsreport-core\lib\main\extensions\validateMinimalVersion.js:24:11)
    at Object._useOne (C:\Users\lam08\Desktop\W_lavie\W_Lavie_BE\node_modules\@jsreport\jsreport-core\lib\main\extensions\extensionsManager.js:158:9)
    at Object._useMany (C:\Users\lam08\Desktop\W_lavie\W_Lavie_BE\node_modules\@jsreport\jsreport-core\lib\main\extensions\extensionsManager.js:99:38)
    at Object.init (C:\Users\lam08\Desktop\W_lavie\W_Lavie_BE\node_modules\@jsreport\jsreport-core\lib\main\extensions\extensionsManager.js:74:19)
    at MainReporter.init (C:\Users\lam08\Desktop\W_lavie\W_Lavie_BE\node_modules\@jsreport\jsreport-core\lib\main\reporter.js:207:36)
    at async initializeJsReport (file:///C:/Users/lam08/Desktop/W_lavie/W_Lavie_BE/src/config/jsreport.js:43:5)
    at Object._useOne (C:\Users\lam08\Desktop\W_lavie\W_Lavie_BE\node_modules\@jsreport\jsreport-core\lib\main\extensions\extensionsManager.js:248:15)
    at Object._useMany (C:\Users\lam08\Desktop\W_lavie\W_Lavie_BE\node_modules\@jsreport\jsreport-core\lib\main\extensions\extensionsManager.js:99:38)
    at Object.init (C:\Users\lam08\Desktop\W_lavie\W_Lavie_BE\node_modules\@jsreport\jsreport-core\lib\main\extensions\extensionsManager.js:74:19)
    at MainReporter.init (C:\Users\lam08\Desktop\W_lavie\W_Lavie_BE\node_modules\@jsreport\jsreport-core\lib\main\reporter.js:207:36)
    at async initializeJsReport (file:///C:/Users/lam08/Desktop/W_lavie/W_Lavie_BE/src/config/jsreport.js:43:5)
2025-05-20T18:10:01.051Z - error: Error occurred during reporter init: Error: Error when loading extension handlebars@2.1.0
Error: Extension "handlebars" is not compatible with "core" extension. Missing ".requires" information in "handlebars" definition
    at validateMinimalVersion (C:\Users\lam08\Desktop\W_lavie\W_Lavie_BE\node_modules\@jsreport\jsreport-core\lib\main\extensions\validateMinimalVersion.js:24:11)
    at Object._useOne (C:\Users\lam08\Desktop\W_lavie\W_Lavie_BE\node_modules\@jsreport\jsreport-core\lib\main\extensions\extensionsManager.js:158:9)
    at Object._useMany (C:\Users\lam08\Desktop\W_lavie\W_Lavie_BE\node_modules\@jsreport\jsreport-core\lib\main\extensions\extensionsManager.js:99:38)
    at Object.init (C:\Users\lam08\Desktop\W_lavie\W_Lavie_BE\node_modules\@jsreport\jsreport-core\lib\main\extensions\extensionsManager.js:74:19)
    at MainReporter.init (C:\Users\lam08\Desktop\W_lavie\W_Lavie_BE\node_modules\@jsreport\jsreport-core\lib\main\reporter.js:207:36)
    at async initializeJsReport (file:///C:/Users/lam08/Desktop/W_lavie/W_Lavie_BE/src/config/jsreport.js:43:5)
    at Object._useOne (C:\Users\lam08\Desktop\W_lavie\W_Lavie_BE\node_modules\@jsreport\jsreport-core\lib\main\extensions\extensionsManager.js:248:15)
    at Object._useMany (C:\Users\lam08\Desktop\W_lavie\W_Lavie_BE\node_modules\@jsreport\jsreport-core\lib\main\extensions\extensionsManager.js:99:38)
    at Object.init (C:\Users\lam08\Desktop\W_lavie\W_Lavie_BE\node_modules\@jsreport\jsreport-core\lib\main\extensions\extensionsManager.js:74:19)
    at MainReporter.init (C:\Users\lam08\Desktop\W_lavie\W_Lavie_BE\node_modules\@jsreport\jsreport-core\lib\main\reporter.js:207:36)
    at async initializeJsReport (file:///C:/Users/lam08/Desktop/W_lavie/W_Lavie_BE/src/config/jsreport.js:43:5)
2025-05-20T18:10:02.637Z - error: Error occurred during reporter init: Error: Error when loading extension handlebars@2.1.0
Error: Extension "handlebars" is not compatible with "core" extension. Missing ".requires" information in "handlebars" definition
    at validateMinimalVersion (C:\Users\lam08\Desktop\W_lavie\W_Lavie_BE\node_modules\@jsreport\jsreport-core\lib\main\extensions\validateMinimalVersion.js:24:11)
    at Object._useOne (C:\Users\lam08\Desktop\W_lavie\W_Lavie_BE\node_modules\@jsreport\jsreport-core\lib\main\extensions\extensionsManager.js:158:9)
    at Object._useMany (C:\Users\lam08\Desktop\W_lavie\W_Lavie_BE\node_modules\@jsreport\jsreport-core\lib\main\extensions\extensionsManager.js:99:38)
    at Object.init (C:\Users\lam08\Desktop\W_lavie\W_Lavie_BE\node_modules\@jsreport\jsreport-core\lib\main\extensions\extensionsManager.js:74:19)
    at MainReporter.init (C:\Users\lam08\Desktop\W_lavie\W_Lavie_BE\node_modules\@jsreport\jsreport-core\lib\main\reporter.js:207:36)
    at async initializeJsReport (file:///C:/Users/lam08/Desktop/W_lavie/W_Lavie_BE/src/config/jsreport.js:43:5)
    at Object._useOne (C:\Users\lam08\Desktop\W_lavie\W_Lavie_BE\node_modules\@jsreport\jsreport-core\lib\main\extensions\extensionsManager.js:248:15)
    at Object._useMany (C:\Users\lam08\Desktop\W_lavie\W_Lavie_BE\node_modules\@jsreport\jsreport-core\lib\main\extensions\extensionsManager.js:99:38)
    at Object.init (C:\Users\lam08\Desktop\W_lavie\W_Lavie_BE\node_modules\@jsreport\jsreport-core\lib\main\extensions\extensionsManager.js:74:19)
    at MainReporter.init (C:\Users\lam08\Desktop\W_lavie\W_Lavie_BE\node_modules\@jsreport\jsreport-core\lib\main\reporter.js:207:36)
    at async initializeJsReport (file:///C:/Users/lam08/Desktop/W_lavie/W_Lavie_BE/src/config/jsreport.js:43:5)
2025-05-20T18:10:04.192Z - error: Error occurred during reporter init: Error: Error when loading extension handlebars@2.1.0
Error: Extension "handlebars" is not compatible with "core" extension. Missing ".requires" information in "handlebars" definition
    at validateMinimalVersion (C:\Users\lam08\Desktop\W_lavie\W_Lavie_BE\node_modules\@jsreport\jsreport-core\lib\main\extensions\validateMinimalVersion.js:24:11)
    at Object._useOne (C:\Users\lam08\Desktop\W_lavie\W_Lavie_BE\node_modules\@jsreport\jsreport-core\lib\main\extensions\extensionsManager.js:158:9)
    at Object._useMany (C:\Users\lam08\Desktop\W_lavie\W_Lavie_BE\node_modules\@jsreport\jsreport-core\lib\main\extensions\extensionsManager.js:99:38)
    at Object.init (C:\Users\lam08\Desktop\W_lavie\W_Lavie_BE\node_modules\@jsreport\jsreport-core\lib\main\extensions\extensionsManager.js:74:19)
    at MainReporter.init (C:\Users\lam08\Desktop\W_lavie\W_Lavie_BE\node_modules\@jsreport\jsreport-core\lib\main\reporter.js:207:36)
    at async initializeJsReport (file:///C:/Users/lam08/Desktop/W_lavie/W_Lavie_BE/src/config/jsreport.js:43:5)
    at Object._useOne (C:\Users\lam08\Desktop\W_lavie\W_Lavie_BE\node_modules\@jsreport\jsreport-core\lib\main\extensions\extensionsManager.js:248:15)
    at Object._useMany (C:\Users\lam08\Desktop\W_lavie\W_Lavie_BE\node_modules\@jsreport\jsreport-core\lib\main\extensions\extensionsManager.js:99:38)
    at Object.init (C:\Users\lam08\Desktop\W_lavie\W_Lavie_BE\node_modules\@jsreport\jsreport-core\lib\main\extensions\extensionsManager.js:74:19)
    at MainReporter.init (C:\Users\lam08\Desktop\W_lavie\W_Lavie_BE\node_modules\@jsreport\jsreport-core\lib\main\reporter.js:207:36)
    at async initializeJsReport (file:///C:/Users/lam08/Desktop/W_lavie/W_Lavie_BE/src/config/jsreport.js:43:5)
